<?xml version="1.0" encoding="UTF-8"?>
<!-- Generated by org.testng.reporters.JUnitReportReporter -->
<testsuite skipped="0" hostname="NI-CR-ALM-14253" name="qaclickacademy.Mavenjava.RestAPITest" tests="2" failures="0" timestamp="2020-09-26T18:49:28 BST" time="0.049" errors="0">
  <testcase name="postJira" time="0.002" classname="qaclickacademy.Mavenjava.RestAPITest"/>
  <system-out/>
  <testcase name="deleteTwitter" time="0.047" classname="qaclickacademy.Mavenjava.RestAPITest"/>
  <system-out/>
</testsuite> <!-- qaclickacademy.Mavenjava.RestAPITest -->
