<?xml version="1.0" encoding="UTF-8"?>
<!-- Generated by org.testng.reporters.JUnitReportReporter -->
<testsuite skipped="0" hostname="NI-CR-ALM-14253" name="qaclickacademy.Mavenjava.SeleniumTest" tests="2" failures="0" timestamp="2020-09-26T18:49:28 BST" time="0.003" errors="0">
  <testcase name="browserAutomation" time="0.002" classname="qaclickacademy.Mavenjava.SeleniumTest"/>
  <system-out/>
  <testcase name="elementsUi" time="0.001" classname="qaclickacademy.Mavenjava.SeleniumTest"/>
  <system-out/>
</testsuite> <!-- qaclickacademy.Mavenjava.SeleniumTest -->
