<?xml version="1.0" encoding="UTF-8"?>
<!-- Generated by org.testng.reporters.JUnitReportReporter -->
<testsuite skipped="0" hostname="NI-CR-ALM-14253" name="qaclickacademy.Mavenjava.RestAPITest" tests="2" failures="0" timestamp="2020-09-26T19:11:25 BST" time="0.006" errors="0">
  <testcase name="deleteTwitter" time="0.006" classname="qaclickacademy.Mavenjava.RestAPITest"/>
  <system-out/>
  <testcase name="postJira" time="0.000" classname="qaclickacademy.Mavenjava.RestAPITest"/>
  <system-out/>
</testsuite> <!-- qaclickacademy.Mavenjava.RestAPITest -->
